2023-03-13T13:04:04+00:00 DEBUG POST: https://business-api.tiktok.com/open_api/v1.2/tbp/business_profile/disconnect/

{"external_business_id":false,"business_platform":"WOO_COMMERCE","is_setup_page":0,"app_id":false}
 ajax: no
2023-03-13T13:04:05+00:00 DEBUG Tt4b_Mapi_Class::mapi_post: Response: 

HTTP/1.1 200 OK
Server: nginx
Content-Type: application/json; charset=utf-8
Content-Length: 103
X-Api-Deprecation-Info: API for Business Version 1.3 is now live. To avoid disruption to your business, we recommend you migrate all calls to v1.3 as soon as possible. Please visit our migration guide for more details: https://ads.tiktok.com/marketing_api/docs?id=1740029169927169
X-Domain-Change-Info: We have moved to the new domain business-api.tiktok.com for API services after the Platform Upgrade on 09/30/2021. Please update all of your requests with the new domain if you haven't done so already. For more information, please visit https://ads.tiktok.com/marketing_api/docs?rid=esb88xalm6m&id=1709207085043713
X-Tt-Logid: 202303131304034B0ACB9A40D4E301CBC8
x-tt-trace-host: 018e80ad86da62d8d6c71ec9c89768efff83e6ea3c115c7eaeaf045260596cca08c3d92b5ebbc3a1f26163269f054c0ec896d25f32d828381156bbb1926dbc6012d9ebf97e6669850a328ac33e279216cbe50e616b87f9511f456b17f4a0231ca5c513aa4ac88511513b91bbadf952c842
X-Origin-Response-Time: 11,23.44.5.92
X-Akamai-Request-ID: 45a1b1ec.21ac36fa
Expires: Mon, 13 Mar 2023 13:04:04 GMT
Cache-Control: max-age=0, no-cache, no-store
Pragma: no-cache
Date: Mon, 13 Mar 2023 13:04:04 GMT
X-Cache: TCP_MISS from a27-77-82-142.deploy.akamaitechnologies.com (AkamaiGHost/11.0.0-46340752) (-)
Connection: close
X-Cache-Remote: TCP_MISS from a23-44-5-92.deploy.akamaitechnologies.com (AkamaiGHost/11.0.0-46340752) (-)
x-tt-trace-tag: id=16;cdn-cache=miss;type=dyn
Server-Timing: cdn-cache; desc=MISS, edge; dur=37, origin; dur=11
Server-Timing: inner; dur=4
X-Parent-Response-Time: 45,27.77.82.142

{"code":40104,"message":"The access_token is empty.","request_id":"202303131304034B0ACB9A40D4E301CBC8"}

2023-03-13T13:04:05+00:00 DEBUG POST: https://business-api.tiktok.com/tbp/v2.0/shop/connection/disconnect?external_data=

--- EMPTY STRING ---
 ajax: no
2023-03-13T13:04:06+00:00 DEBUG Tt4b_Mapi_Class::tts_shop_disconnect: Response: 

HTTP/1.1 200 OK
Server: nginx
Content-Type: application/json; charset=utf-8
Content-Length: 95
X-Api-Deprecation-Info: API for Business Version 1.3 is now live. To avoid disruption to your business, we recommend you migrate all calls to v1.3 as soon as possible. Please visit our migration guide for more details: https://ads.tiktok.com/marketing_api/docs?id=1740029169927169
X-Domain-Change-Info: We have moved to the new domain business-api.tiktok.com for API services after the Platform Upgrade on 09/30/2021. Please update all of your requests with the new domain if you haven't done so already. For more information, please visit https://ads.tiktok.com/marketing_api/docs?rid=esb88xalm6m&id=1709207085043713
X-Tt-Logid: 20230313130404AA38D4E07FDDAB020B5B
x-tt-trace-host: 018e80ad86da62d8d6c71ec9c89768efff83e6ea3c115c7eaeaf045260596cca083256914f6357ef8b3c3c226ad8f54f732fc52150c81d60e11164fa74af1ad952a578e5855463ac2602aec2081d95bda89af40cd0b1cd9b15333909c66aacba781277d28d6a783254f17a58a66795e784
X-Origin-Response-Time: 18,23.44.5.93
X-Akamai-Request-ID: 5430fe72.21ac6143
Expires: Mon, 13 Mar 2023 13:04:06 GMT
Cache-Control: max-age=0, no-cache, no-store
Pragma: no-cache
Date: Mon, 13 Mar 2023 13:04:06 GMT
X-Cache: TCP_MISS from a27-77-82-142.deploy.akamaitechnologies.com (AkamaiGHost/11.0.0-46340752) (-)
Connection: close
X-Cache-Remote: TCP_MISS from a23-44-5-93.deploy.akamaitechnologies.com (AkamaiGHost/11.0.0-46340752) (-)
x-tt-trace-tag: id=16;cdn-cache=miss;type=dyn
Server-Timing: cdn-cache; desc=MISS, edge; dur=65, origin; dur=18
Server-Timing: inner; dur=13
X-Parent-Response-Time: 82,27.77.82.142

{"code":40001,"message":"Permission denied.","request_id":"20230313130404AA38D4E07FDDAB020B5B"}

