2023-03-15T01:25:13+00:00 DEBUG tt4b_product_sync: missing access token for tt4b_product_sync
2023-03-15T01:25:14+00:00 DEBUG tt4b_product_sync: missing access token for tt4b_product_sync
2023-03-15T01:25:17+00:00 DEBUG tt4b_product_sync: missing access token for tt4b_product_sync
2023-03-15T01:25:19+00:00 DEBUG tt4b_product_sync: missing access token for tt4b_product_sync
2023-03-15T01:25:24+00:00 DEBUG tt4b_product_sync: missing access token for tt4b_product_sync
2023-03-15T01:25:25+00:00 DEBUG tt4b_product_sync: missing access token for tt4b_product_sync
2023-03-15T01:25:27+00:00 DEBUG tt4b_product_sync: missing access token for tt4b_product_sync
2023-03-15T01:25:28+00:00 DEBUG tt4b_product_sync: missing access token for tt4b_product_sync
2023-03-15T01:25:29+00:00 DEBUG tt4b_product_sync: missing access token for tt4b_product_sync
2023-03-15T01:25:30+00:00 DEBUG tt4b_product_sync: missing access token for tt4b_product_sync
2023-03-15T01:25:31+00:00 DEBUG tt4b_product_sync: missing access token for tt4b_product_sync
2023-03-15T01:25:32+00:00 DEBUG tt4b_product_sync: missing access token for tt4b_product_sync
2023-03-15T01:25:37+00:00 DEBUG tt4b_product_sync: missing access token for tt4b_product_sync
2023-03-15T01:25:38+00:00 DEBUG tt4b_product_sync: missing access token for tt4b_product_sync
2023-03-15T01:25:39+00:00 DEBUG tt4b_product_sync: missing access token for tt4b_product_sync
2023-03-15T01:25:40+00:00 DEBUG tt4b_product_sync: missing access token for tt4b_product_sync
2023-03-15T01:25:42+00:00 DEBUG tt4b_product_sync: missing access token for tt4b_product_sync
2023-03-15T01:25:43+00:00 DEBUG tt4b_product_sync: missing access token for tt4b_product_sync
2023-03-15T01:25:44+00:00 DEBUG tt4b_product_sync: missing access token for tt4b_product_sync
2023-03-15T01:25:45+00:00 DEBUG tt4b_product_sync: missing access token for tt4b_product_sync
2023-03-15T01:25:47+00:00 DEBUG tt4b_product_sync: missing access token for tt4b_product_sync
2023-03-15T01:25:48+00:00 DEBUG tt4b_product_sync: missing access token for tt4b_product_sync
2023-03-15T01:25:52+00:00 DEBUG tt4b_product_sync: missing access token for tt4b_product_sync
2023-03-15T01:25:54+00:00 DEBUG tt4b_product_sync: missing access token for tt4b_product_sync
2023-03-15T01:25:55+00:00 DEBUG tt4b_product_sync: missing access token for tt4b_product_sync
2023-03-15T01:25:56+00:00 DEBUG tt4b_product_sync: missing access token for tt4b_product_sync
2023-03-15T01:25:58+00:00 DEBUG tt4b_product_sync: missing access token for tt4b_product_sync
2023-03-15T01:25:59+00:00 DEBUG tt4b_product_sync: missing access token for tt4b_product_sync
2023-03-15T01:26:00+00:00 DEBUG tt4b_product_sync: missing access token for tt4b_product_sync
2023-03-15T01:26:01+00:00 DEBUG tt4b_product_sync: missing access token for tt4b_product_sync
2023-03-15T01:26:03+00:00 DEBUG tt4b_product_sync: missing access token for tt4b_product_sync
2023-03-15T01:26:05+00:00 DEBUG tt4b_product_sync: missing access token for tt4b_product_sync
2023-03-15T01:26:19+00:00 DEBUG tt4b_product_sync: missing access token for tt4b_product_sync
2023-03-15T01:26:20+00:00 DEBUG tt4b_product_sync: missing access token for tt4b_product_sync
2023-03-15T01:26:21+00:00 DEBUG tt4b_product_sync: missing access token for tt4b_product_sync
2023-03-15T01:26:23+00:00 DEBUG tt4b_product_sync: missing access token for tt4b_product_sync
2023-03-15T01:26:24+00:00 DEBUG tt4b_product_sync: missing access token for tt4b_product_sync
2023-03-15T01:26:25+00:00 DEBUG tt4b_product_sync: missing access token for tt4b_product_sync
2023-03-15T01:26:26+00:00 DEBUG tt4b_product_sync: missing access token for tt4b_product_sync
2023-03-15T01:26:27+00:00 DEBUG tt4b_product_sync: missing access token for tt4b_product_sync
2023-03-15T01:26:29+00:00 DEBUG tt4b_product_sync: missing access token for tt4b_product_sync
2023-03-15T01:26:30+00:00 DEBUG tt4b_product_sync: missing access token for tt4b_product_sync
2023-03-15T01:26:35+00:00 DEBUG tt4b_product_sync: missing access token for tt4b_product_sync
2023-03-15T01:26:36+00:00 DEBUG tt4b_product_sync: missing access token for tt4b_product_sync
2023-03-15T01:26:37+00:00 DEBUG tt4b_product_sync: missing access token for tt4b_product_sync
2023-03-15T01:26:39+00:00 DEBUG tt4b_product_sync: missing access token for tt4b_product_sync
2023-03-15T01:26:40+00:00 DEBUG tt4b_product_sync: missing access token for tt4b_product_sync
2023-03-15T01:26:41+00:00 DEBUG tt4b_product_sync: missing access token for tt4b_product_sync
2023-03-15T01:26:42+00:00 DEBUG tt4b_product_sync: missing access token for tt4b_product_sync
2023-03-15T01:26:43+00:00 DEBUG tt4b_product_sync: missing access token for tt4b_product_sync
2023-03-15T01:26:45+00:00 DEBUG tt4b_product_sync: missing access token for tt4b_product_sync
2023-03-15T01:26:46+00:00 DEBUG tt4b_product_sync: missing access token for tt4b_product_sync
2023-03-15T01:26:51+00:00 DEBUG tt4b_product_sync: missing access token for tt4b_product_sync
2023-03-15T01:26:52+00:00 DEBUG tt4b_product_sync: missing access token for tt4b_product_sync
2023-03-15T01:26:53+00:00 DEBUG tt4b_product_sync: missing access token for tt4b_product_sync
2023-03-15T01:26:54+00:00 DEBUG tt4b_product_sync: missing access token for tt4b_product_sync
2023-03-15T01:26:58+00:00 DEBUG tt4b_product_sync: missing access token for tt4b_product_sync
2023-03-15T09:52:49+00:00 DEBUG Tt4b_Pixel_Class::inject_start_checkout: hit injectStartCheckout
2023-03-15T09:52:49+00:00 DEBUG Tt4b_Pixel_Class::inject_start_checkout: Missing option "access_token"
2023-03-15T09:53:09+00:00 DEBUG Tt4b_Pixel_Class::inject_purchase_event: hit injectPurchaseEvent
2023-03-15T09:53:09+00:00 DEBUG Tt4b_Pixel_Class::inject_purchase_event: Missing option "access_token"
2023-03-15T10:14:05+00:00 DEBUG tt4b_product_sync: missing access token for tt4b_product_sync
2023-03-15T10:15:44+00:00 DEBUG tt4b_product_sync: missing access token for tt4b_product_sync
2023-03-15T10:20:41+00:00 DEBUG tt4b_product_sync: missing access token for tt4b_product_sync
2023-03-15T10:21:32+00:00 DEBUG tt4b_product_sync: missing access token for tt4b_product_sync
2023-03-15T10:23:46+00:00 DEBUG tt4b_product_sync: missing access token for tt4b_product_sync
2023-03-15T10:24:15+00:00 DEBUG tt4b_product_sync: missing access token for tt4b_product_sync
2023-03-15T10:24:36+00:00 DEBUG tt4b_product_sync: missing access token for tt4b_product_sync
2023-03-15T10:24:47+00:00 DEBUG tt4b_product_sync: missing access token for tt4b_product_sync
2023-03-15T10:25:59+00:00 DEBUG tt4b_product_sync: missing access token for tt4b_product_sync
2023-03-15T10:26:35+00:00 DEBUG tt4b_product_sync: missing access token for tt4b_product_sync
2023-03-15T10:26:35+00:00 DEBUG tt4b_product_delete: missing access token for tt4b_product_sync
2023-03-15T10:26:53+00:00 DEBUG tt4b_product_sync: missing access token for tt4b_product_sync
2023-03-15T10:26:53+00:00 DEBUG tt4b_product_delete: missing access token for tt4b_product_sync
2023-03-15T10:28:38+00:00 DEBUG Tt4b_Pixel_Class::inject_view_content_event: hit injectViewContentEvent
2023-03-15T10:28:38+00:00 DEBUG Tt4b_Pixel_Class::inject_view_content_event: Missing option "access_token"
2023-03-15T10:30:29+00:00 DEBUG Tt4b_Pixel_Class::inject_view_content_event: hit injectViewContentEvent
2023-03-15T10:30:29+00:00 DEBUG Tt4b_Pixel_Class::inject_view_content_event: Missing option "access_token"
2023-03-15T10:31:32+00:00 DEBUG tt4b_product_sync: missing access token for tt4b_product_sync
2023-03-15T10:32:10+00:00 DEBUG tt4b_product_sync: missing access token for tt4b_product_sync
2023-03-15T10:32:50+00:00 DEBUG tt4b_product_sync: missing access token for tt4b_product_sync
2023-03-15T10:32:50+00:00 DEBUG tt4b_product_delete: missing access token for tt4b_product_sync
