2023-03-16T01:12:11+00:00 DEBUG tt4b_product_sync: missing access token for tt4b_product_sync
2023-03-16T01:13:28+00:00 DEBUG tt4b_product_sync: missing access token for tt4b_product_sync
2023-03-16T01:14:22+00:00 DEBUG tt4b_product_sync: missing access token for tt4b_product_sync
2023-03-16T01:15:35+00:00 DEBUG tt4b_product_sync: missing access token for tt4b_product_sync
2023-03-16T01:15:35+00:00 DEBUG tt4b_product_delete: missing access token for tt4b_product_sync
2023-03-16T01:27:52+00:00 DEBUG tt4b_product_sync: missing access token for tt4b_product_sync
2023-03-16T01:29:16+00:00 DEBUG tt4b_product_sync: missing access token for tt4b_product_sync
2023-03-16T01:50:45+00:00 DEBUG tt4b_product_sync: missing access token for tt4b_product_sync
2023-03-16T01:52:05+00:00 DEBUG tt4b_product_sync: missing access token for tt4b_product_sync
2023-03-16T02:04:59+00:00 DEBUG tt4b_product_sync: missing access token for tt4b_product_sync
2023-03-16T02:07:50+00:00 DEBUG tt4b_product_sync: missing access token for tt4b_product_sync
2023-03-16T02:12:37+00:00 DEBUG tt4b_product_sync: missing access token for tt4b_product_sync
2023-03-16T02:15:08+00:00 DEBUG tt4b_product_sync: missing access token for tt4b_product_sync
2023-03-16T02:46:35+00:00 DEBUG tt4b_product_sync: missing access token for tt4b_product_sync
2023-03-16T02:47:31+00:00 DEBUG tt4b_product_sync: missing access token for tt4b_product_sync
2023-03-16T02:48:00+00:00 DEBUG tt4b_product_sync: missing access token for tt4b_product_sync
2023-03-16T02:48:02+00:00 DEBUG tt4b_product_sync: missing access token for tt4b_product_sync
2023-03-16T03:14:31+00:00 DEBUG Tt4b_Pixel_Class::inject_view_content_event: hit injectViewContentEvent
2023-03-16T03:14:31+00:00 DEBUG Tt4b_Pixel_Class::inject_view_content_event: Missing option "access_token"
2023-03-16T03:38:27+00:00 DEBUG Tt4b_Pixel_Class::inject_view_content_event: hit injectViewContentEvent
2023-03-16T03:38:27+00:00 DEBUG Tt4b_Pixel_Class::inject_view_content_event: Missing option "access_token"
2023-03-16T03:58:14+00:00 DEBUG Tt4b_Pixel_Class::inject_view_content_event: hit injectViewContentEvent
2023-03-16T03:58:14+00:00 DEBUG Tt4b_Pixel_Class::inject_view_content_event: Missing option "access_token"
2023-03-16T04:02:36+00:00 DEBUG Tt4b_Pixel_Class::inject_view_content_event: hit injectViewContentEvent
2023-03-16T04:02:36+00:00 DEBUG Tt4b_Pixel_Class::inject_view_content_event: Missing option "access_token"
2023-03-16T04:09:22+00:00 DEBUG Tt4b_Pixel_Class::inject_view_content_event: hit injectViewContentEvent
2023-03-16T04:09:22+00:00 DEBUG Tt4b_Pixel_Class::inject_view_content_event: Missing option "access_token"
2023-03-16T04:09:54+00:00 DEBUG Tt4b_Pixel_Class::inject_view_content_event: hit injectViewContentEvent
2023-03-16T04:09:54+00:00 DEBUG Tt4b_Pixel_Class::inject_view_content_event: Missing option "access_token"
2023-03-16T04:10:17+00:00 DEBUG Tt4b_Pixel_Class::inject_view_content_event: hit injectViewContentEvent
2023-03-16T04:10:17+00:00 DEBUG Tt4b_Pixel_Class::inject_view_content_event: Missing option "access_token"
2023-03-16T04:10:34+00:00 DEBUG Tt4b_Pixel_Class::inject_view_content_event: hit injectViewContentEvent
2023-03-16T04:10:34+00:00 DEBUG Tt4b_Pixel_Class::inject_view_content_event: Missing option "access_token"
2023-03-16T04:10:46+00:00 DEBUG Tt4b_Pixel_Class::inject_view_content_event: hit injectViewContentEvent
2023-03-16T04:10:46+00:00 DEBUG Tt4b_Pixel_Class::inject_view_content_event: Missing option "access_token"
2023-03-16T04:13:26+00:00 DEBUG tt4b_product_sync: missing access token for tt4b_product_sync
2023-03-16T04:13:26+00:00 DEBUG tt4b_product_delete: missing access token for tt4b_product_sync
2023-03-16T04:13:31+00:00 DEBUG tt4b_product_sync: missing access token for tt4b_product_sync
2023-03-16T04:13:31+00:00 DEBUG tt4b_product_delete: missing access token for tt4b_product_sync
2023-03-16T04:13:43+00:00 DEBUG tt4b_product_sync: missing access token for tt4b_product_sync
2023-03-16T04:13:43+00:00 DEBUG tt4b_product_delete: missing access token for tt4b_product_sync
2023-03-16T04:13:47+00:00 DEBUG tt4b_product_sync: missing access token for tt4b_product_sync
2023-03-16T04:13:47+00:00 DEBUG tt4b_product_delete: missing access token for tt4b_product_sync
2023-03-16T04:13:50+00:00 DEBUG tt4b_product_sync: missing access token for tt4b_product_sync
2023-03-16T04:13:50+00:00 DEBUG tt4b_product_delete: missing access token for tt4b_product_sync
2023-03-16T04:13:54+00:00 DEBUG tt4b_product_sync: missing access token for tt4b_product_sync
2023-03-16T04:13:54+00:00 DEBUG tt4b_product_delete: missing access token for tt4b_product_sync
2023-03-16T04:13:56+00:00 DEBUG tt4b_product_sync: missing access token for tt4b_product_sync
2023-03-16T04:13:56+00:00 DEBUG tt4b_product_delete: missing access token for tt4b_product_sync
2023-03-16T04:14:01+00:00 DEBUG tt4b_product_sync: missing access token for tt4b_product_sync
2023-03-16T04:14:01+00:00 DEBUG tt4b_product_delete: missing access token for tt4b_product_sync
2023-03-16T04:17:50+00:00 DEBUG tt4b_product_sync: missing access token for tt4b_product_sync
2023-03-16T04:17:50+00:00 DEBUG tt4b_product_delete: missing access token for tt4b_product_sync
2023-03-16T04:17:52+00:00 DEBUG tt4b_product_sync: missing access token for tt4b_product_sync
2023-03-16T04:17:52+00:00 DEBUG tt4b_product_delete: missing access token for tt4b_product_sync
2023-03-16T04:17:56+00:00 DEBUG tt4b_product_sync: missing access token for tt4b_product_sync
2023-03-16T04:17:56+00:00 DEBUG tt4b_product_delete: missing access token for tt4b_product_sync
2023-03-16T04:17:59+00:00 DEBUG tt4b_product_sync: missing access token for tt4b_product_sync
2023-03-16T04:17:59+00:00 DEBUG tt4b_product_delete: missing access token for tt4b_product_sync
2023-03-16T04:18:01+00:00 DEBUG tt4b_product_sync: missing access token for tt4b_product_sync
2023-03-16T04:18:01+00:00 DEBUG tt4b_product_delete: missing access token for tt4b_product_sync
2023-03-16T04:18:04+00:00 DEBUG tt4b_product_sync: missing access token for tt4b_product_sync
2023-03-16T04:18:04+00:00 DEBUG tt4b_product_delete: missing access token for tt4b_product_sync
2023-03-16T04:18:07+00:00 DEBUG tt4b_product_sync: missing access token for tt4b_product_sync
2023-03-16T04:18:07+00:00 DEBUG tt4b_product_delete: missing access token for tt4b_product_sync
2023-03-16T04:18:14+00:00 DEBUG tt4b_product_sync: missing access token for tt4b_product_sync
2023-03-16T04:18:14+00:00 DEBUG tt4b_product_delete: missing access token for tt4b_product_sync
2023-03-16T04:18:34+00:00 DEBUG tt4b_product_sync: missing access token for tt4b_product_sync
2023-03-16T04:18:34+00:00 DEBUG tt4b_product_delete: missing access token for tt4b_product_sync
2023-03-16T04:18:36+00:00 DEBUG tt4b_product_sync: missing access token for tt4b_product_sync
2023-03-16T04:18:36+00:00 DEBUG tt4b_product_delete: missing access token for tt4b_product_sync
2023-03-16T04:18:38+00:00 DEBUG tt4b_product_sync: missing access token for tt4b_product_sync
2023-03-16T04:18:38+00:00 DEBUG tt4b_product_delete: missing access token for tt4b_product_sync
2023-03-16T04:18:42+00:00 DEBUG tt4b_product_sync: missing access token for tt4b_product_sync
2023-03-16T04:18:42+00:00 DEBUG tt4b_product_delete: missing access token for tt4b_product_sync
2023-03-16T04:18:47+00:00 DEBUG tt4b_product_sync: missing access token for tt4b_product_sync
2023-03-16T04:18:47+00:00 DEBUG tt4b_product_delete: missing access token for tt4b_product_sync
2023-03-16T04:18:51+00:00 DEBUG tt4b_product_sync: missing access token for tt4b_product_sync
2023-03-16T04:18:51+00:00 DEBUG tt4b_product_delete: missing access token for tt4b_product_sync
2023-03-16T04:18:57+00:00 DEBUG tt4b_product_sync: missing access token for tt4b_product_sync
2023-03-16T04:18:57+00:00 DEBUG tt4b_product_delete: missing access token for tt4b_product_sync
2023-03-16T04:18:58+00:00 DEBUG tt4b_product_sync: missing access token for tt4b_product_sync
2023-03-16T04:18:58+00:00 DEBUG tt4b_product_delete: missing access token for tt4b_product_sync
2023-03-16T04:18:59+00:00 DEBUG tt4b_product_sync: missing access token for tt4b_product_sync
2023-03-16T04:18:59+00:00 DEBUG tt4b_product_delete: missing access token for tt4b_product_sync
2023-03-16T04:19:01+00:00 DEBUG tt4b_product_sync: missing access token for tt4b_product_sync
2023-03-16T04:19:01+00:00 DEBUG tt4b_product_delete: missing access token for tt4b_product_sync
2023-03-16T04:19:04+00:00 DEBUG tt4b_product_sync: missing access token for tt4b_product_sync
2023-03-16T04:19:04+00:00 DEBUG tt4b_product_delete: missing access token for tt4b_product_sync
2023-03-16T04:19:08+00:00 DEBUG tt4b_product_sync: missing access token for tt4b_product_sync
2023-03-16T04:19:08+00:00 DEBUG tt4b_product_delete: missing access token for tt4b_product_sync
2023-03-16T04:19:10+00:00 DEBUG tt4b_product_sync: missing access token for tt4b_product_sync
2023-03-16T04:19:10+00:00 DEBUG tt4b_product_delete: missing access token for tt4b_product_sync
2023-03-16T04:19:12+00:00 DEBUG tt4b_product_sync: missing access token for tt4b_product_sync
2023-03-16T04:19:12+00:00 DEBUG tt4b_product_delete: missing access token for tt4b_product_sync
2023-03-16T04:19:14+00:00 DEBUG tt4b_product_sync: missing access token for tt4b_product_sync
2023-03-16T04:19:14+00:00 DEBUG tt4b_product_delete: missing access token for tt4b_product_sync
2023-03-16T04:19:17+00:00 DEBUG tt4b_product_sync: missing access token for tt4b_product_sync
2023-03-16T04:19:17+00:00 DEBUG tt4b_product_delete: missing access token for tt4b_product_sync
2023-03-16T04:19:18+00:00 DEBUG tt4b_product_sync: missing access token for tt4b_product_sync
2023-03-16T04:19:18+00:00 DEBUG tt4b_product_delete: missing access token for tt4b_product_sync
2023-03-16T04:19:22+00:00 DEBUG tt4b_product_sync: missing access token for tt4b_product_sync
2023-03-16T04:19:22+00:00 DEBUG tt4b_product_delete: missing access token for tt4b_product_sync
2023-03-16T04:19:23+00:00 DEBUG tt4b_product_sync: missing access token for tt4b_product_sync
2023-03-16T04:19:23+00:00 DEBUG tt4b_product_delete: missing access token for tt4b_product_sync
2023-03-16T04:47:00+00:00 DEBUG Tt4b_Pixel_Class::inject_view_content_event: hit injectViewContentEvent
2023-03-16T04:47:00+00:00 DEBUG Tt4b_Pixel_Class::inject_view_content_event: Missing option "access_token"
2023-03-16T04:47:00+00:00 DEBUG Tt4b_Pixel_Class::inject_view_content_event: hit injectViewContentEvent
2023-03-16T04:47:00+00:00 DEBUG Tt4b_Pixel_Class::inject_view_content_event: Missing option "access_token"
2023-03-16T06:47:14+00:00 DEBUG Tt4b_Pixel_Class::inject_start_checkout: hit injectStartCheckout
2023-03-16T06:47:15+00:00 DEBUG Tt4b_Pixel_Class::inject_start_checkout: Missing option "access_token"
2023-03-16T06:54:26+00:00 DEBUG tt4b_product_sync: missing access token for tt4b_product_sync
2023-03-16T06:56:32+00:00 DEBUG tt4b_product_sync: missing access token for tt4b_product_sync
2023-03-16T06:58:50+00:00 DEBUG tt4b_product_sync: missing access token for tt4b_product_sync
2023-03-16T07:00:55+00:00 DEBUG tt4b_product_sync: missing access token for tt4b_product_sync
2023-03-16T07:23:52+00:00 DEBUG Tt4b_Pixel_Class::inject_view_content_event: hit injectViewContentEvent
2023-03-16T07:23:52+00:00 DEBUG Tt4b_Pixel_Class::inject_view_content_event: Missing option "access_token"
2023-03-16T07:24:05+00:00 DEBUG Tt4b_Pixel_Class::inject_add_to_cart_event: hit injectAddToCartEvent
2023-03-16T07:24:05+00:00 DEBUG Tt4b_Pixel_Class::inject_add_to_cart_event: Missing option "access_token"
2023-03-16T07:24:06+00:00 DEBUG Tt4b_Pixel_Class::inject_view_content_event: hit injectViewContentEvent
2023-03-16T07:24:06+00:00 DEBUG Tt4b_Pixel_Class::inject_view_content_event: Missing option "access_token"
